

Version:	3.14
CmdLine:	C:\Users\zengy\Desktop\game\WaterSortPuzzle\WaterSortPuzzle\WaterSortPuzzle.exe --l4j-debug
WOW64:		yes
Working dir:	C:\Users\zengy\Desktop\game\WaterSortPuzzle\WaterSortPuzzle\.
Java min ver:	1.007.000
Java max ver:	
64-bit search:	SOFTWARE\JavaSoft\Java Runtime Environment...
32-bit search:	SOFTWARE\JavaSoft\Java Runtime Environment...
64-bit search:	SOFTWARE\JavaSoft\Java Development Kit...
32-bit search:	SOFTWARE\JavaSoft\Java Development Kit...
64-bit search:	SOFTWARE\JavaSoft\JRE...
32-bit search:	SOFTWARE\JavaSoft\JRE...
64-bit search:	SOFTWARE\JavaSoft\JDK...
Check:		SOFTWARE\JavaSoft\JDK\15
Check launcher:	C:\Program Files\AdoptOpenJDK\jdk-15.0.1.9-hotspot\bin\javaw.exe (OK)
Match:		1.015.000
Check:		SOFTWARE\JavaSoft\JDK\15.0.1.9
Warning:	formatJavaVersion() too many parts added.
Check launcher:	C:\Program Files\AdoptOpenJDK\jdk-15.0.1.9-hotspot\bin\javaw.exe (OK)
Match:		1.015.000_001
Runtime used:	1.015.000_001 (64-bit)
Launcher:	C:\Program Files\AdoptOpenJDK\jdk-15.0.1.9-hotspot\bin\javaw.exe
Launcher args:	-jar "C:\Users\zengy\Desktop\game\WaterSortPuzzle\WaterSortPuzzle\WaterSortPuzzle.exe"
Args length:	86/32768 chars
Exit code:	0


Version:	3.14
CmdLine:	C:\Users\zengy\Desktop\game\WaterSortPuzzle\WaterSortPuzzle\WaterSortPuzzle.exe --l4j-debug
WOW64:		yes
Working dir:	C:\Users\zengy\Desktop\game\WaterSortPuzzle\WaterSortPuzzle\.
Java min ver:	1.007.000
Java max ver:	
64-bit search:	SOFTWARE\JavaSoft\Java Runtime Environment...
32-bit search:	SOFTWARE\JavaSoft\Java Runtime Environment...
64-bit search:	SOFTWARE\JavaSoft\Java Development Kit...
32-bit search:	SOFTWARE\JavaSoft\Java Development Kit...
64-bit search:	SOFTWARE\JavaSoft\JRE...
32-bit search:	SOFTWARE\JavaSoft\JRE...
64-bit search:	SOFTWARE\JavaSoft\JDK...
Check:		SOFTWARE\JavaSoft\JDK\15
Check launcher:	C:\Program Files\AdoptOpenJDK\jdk-15.0.1.9-hotspot\bin\javaw.exe (OK)
Match:		1.015.000
Check:		SOFTWARE\JavaSoft\JDK\15.0.1.9
Warning:	formatJavaVersion() too many parts added.
Check launcher:	C:\Program Files\AdoptOpenJDK\jdk-15.0.1.9-hotspot\bin\javaw.exe (OK)
Match:		1.015.000_001
Runtime used:	1.015.000_001 (64-bit)
Launcher:	C:\Program Files\AdoptOpenJDK\jdk-15.0.1.9-hotspot\bin\javaw.exe
Launcher args:	-jar "C:\Users\zengy\Desktop\game\WaterSortPuzzle\WaterSortPuzzle\WaterSortPuzzle.exe"
Args length:	86/32768 chars
Exit code:	0


Version:	3.14
CmdLine:	C:\Users\zengy\Desktop\game\WaterSortPuzzle\WaterSortPuzzle\WaterSortPuzzle.exe --l4j-debug
WOW64:		yes
Working dir:	C:\Users\zengy\Desktop\game\WaterSortPuzzle\WaterSortPuzzle\.
Java min ver:	1.007.000
Java max ver:	
64-bit search:	SOFTWARE\JavaSoft\Java Runtime Environment...
32-bit search:	SOFTWARE\JavaSoft\Java Runtime Environment...
64-bit search:	SOFTWARE\JavaSoft\Java Development Kit...
32-bit search:	SOFTWARE\JavaSoft\Java Development Kit...
64-bit search:	SOFTWARE\JavaSoft\JRE...
32-bit search:	SOFTWARE\JavaSoft\JRE...
64-bit search:	SOFTWARE\JavaSoft\JDK...
Check:		SOFTWARE\JavaSoft\JDK\15
Check launcher:	C:\Program Files\AdoptOpenJDK\jdk-15.0.1.9-hotspot\bin\javaw.exe (OK)
Match:		1.015.000
Check:		SOFTWARE\JavaSoft\JDK\15.0.1.9
Warning:	formatJavaVersion() too many parts added.
Check launcher:	C:\Program Files\AdoptOpenJDK\jdk-15.0.1.9-hotspot\bin\javaw.exe (OK)
Match:		1.015.000_001
Runtime used:	1.015.000_001 (64-bit)
Launcher:	C:\Program Files\AdoptOpenJDK\jdk-15.0.1.9-hotspot\bin\javaw.exe
Launcher args:	-jar "C:\Users\zengy\Desktop\game\WaterSortPuzzle\WaterSortPuzzle\WaterSortPuzzle.exe"
Args length:	86/32768 chars
Exit code:	0


Version:	3.14
CmdLine:	C:\Users\zengy\Desktop\game\WaterSortPuzzle\WaterSortPuzzle\WaterSortPuzzle.exe --l4j-debug
WOW64:		yes
Working dir:	C:\Users\zengy\Desktop\game\WaterSortPuzzle\WaterSortPuzzle\.
Java min ver:	1.007.000
Java max ver:	
64-bit search:	SOFTWARE\JavaSoft\Java Runtime Environment...
32-bit search:	SOFTWARE\JavaSoft\Java Runtime Environment...
64-bit search:	SOFTWARE\JavaSoft\JRE...
32-bit search:	SOFTWARE\JavaSoft\JRE...
64-bit search:	SOFTWARE\IBM\Java Runtime Environment...
32-bit search:	SOFTWARE\IBM\Java Runtime Environment...
64-bit search:	SOFTWARE\IBM\Java2 Runtime Environment...
32-bit search:	SOFTWARE\IBM\Java2 Runtime Environment...
Error msg:	This application requires a Java Runtime Environment 1.7.0
Open URL:	http://java.com/download


Version:	3.14
CmdLine:	C:\Users\zengy\Desktop\game\WaterSortPuzzle\WaterSortPuzzle\WaterSortPuzzle.exe --l4j-debug
WOW64:		yes
Working dir:	C:\Users\zengy\Desktop\game\WaterSortPuzzle\WaterSortPuzzle\.
Java min ver:	1.007.000
Java max ver:	
64-bit search:	SOFTWARE\JavaSoft\Java Runtime Environment...
32-bit search:	SOFTWARE\JavaSoft\Java Runtime Environment...
64-bit search:	SOFTWARE\JavaSoft\Java Development Kit...
32-bit search:	SOFTWARE\JavaSoft\Java Development Kit...
64-bit search:	SOFTWARE\JavaSoft\JRE...
32-bit search:	SOFTWARE\JavaSoft\JRE...
64-bit search:	SOFTWARE\JavaSoft\JDK...
Check:		SOFTWARE\JavaSoft\JDK\15
Check launcher:	C:\Program Files\AdoptOpenJDK\jdk-15.0.1.9-hotspot\bin\javaw.exe (OK)
Match:		1.015.000
Check:		SOFTWARE\JavaSoft\JDK\15.0.1.9
Warning:	formatJavaVersion() too many parts added.
Check launcher:	C:\Program Files\AdoptOpenJDK\jdk-15.0.1.9-hotspot\bin\javaw.exe (OK)
Match:		1.015.000_001
Runtime used:	1.015.000_001 (64-bit)
Launcher:	C:\Program Files\AdoptOpenJDK\jdk-15.0.1.9-hotspot\bin\javaw.exe
Launcher args:	-jar "C:\Users\zengy\Desktop\game\WaterSortPuzzle\WaterSortPuzzle\WaterSortPuzzle.exe"
Args length:	86/32768 chars
Exit code:	0


Version:	3.14
CmdLine:	C:\Users\zengy\Desktop\game\WaterSortPuzzle\WaterSortPuzzle\WaterSortPuzzle.exe --l4j-debug
WOW64:		yes
Working dir:	C:\Users\zengy\Desktop\game\WaterSortPuzzle\WaterSortPuzzle\.
Java min ver:	1.007.000
Java max ver:	
64-bit search:	SOFTWARE\JavaSoft\Java Development Kit...
32-bit search:	SOFTWARE\JavaSoft\Java Development Kit...
64-bit search:	SOFTWARE\JavaSoft\Java Runtime Environment...
32-bit search:	SOFTWARE\JavaSoft\Java Runtime Environment...
64-bit search:	SOFTWARE\JavaSoft\JDK...
Check:		SOFTWARE\JavaSoft\JDK\15
Check launcher:	C:\Program Files\AdoptOpenJDK\jdk-15.0.1.9-hotspot\bin\javaw.exe (OK)
Match:		1.015.000
Check:		SOFTWARE\JavaSoft\JDK\15.0.1.9
Warning:	formatJavaVersion() too many parts added.
Check launcher:	C:\Program Files\AdoptOpenJDK\jdk-15.0.1.9-hotspot\bin\javaw.exe (OK)
Match:		1.015.000_001
64-bit search:	SOFTWARE\JavaSoft\JRE...
Runtime used:	1.015.000_001 (64-bit)
Launcher:	C:\Program Files\AdoptOpenJDK\jdk-15.0.1.9-hotspot\bin\javaw.exe
Launcher args:	-jar "C:\Users\zengy\Desktop\game\WaterSortPuzzle\WaterSortPuzzle\WaterSortPuzzle.exe"
Args length:	86/32768 chars
Exit code:	0


Version:	3.14
CmdLine:	C:\Users\zengy\Desktop\game\WaterSortPuzzle\WaterSortPuzzle\WaterSortPuzzle.exe --l4j-debug
WOW64:		yes
Working dir:	C:\Users\zengy\Desktop\game\WaterSortPuzzle\WaterSortPuzzle\.
Java min ver:	1.007.000
Java max ver:	
64-bit search:	SOFTWARE\JavaSoft\Java Development Kit...
32-bit search:	SOFTWARE\JavaSoft\Java Development Kit...
64-bit search:	SOFTWARE\JavaSoft\JDK...
Check:		SOFTWARE\JavaSoft\JDK\15
Check launcher:	C:\Program Files\AdoptOpenJDK\jdk-15.0.1.9-hotspot\bin\javaw.exe (OK)
Match:		1.015.000
Check:		SOFTWARE\JavaSoft\JDK\15.0.1.9
Warning:	formatJavaVersion() too many parts added.
Check launcher:	C:\Program Files\AdoptOpenJDK\jdk-15.0.1.9-hotspot\bin\javaw.exe (OK)
Match:		1.015.000_001
Runtime used:	1.015.000_001 (64-bit)
Launcher:	C:\Program Files\AdoptOpenJDK\jdk-15.0.1.9-hotspot\bin\javaw.exe
Launcher args:	-jar "C:\Users\zengy\Desktop\game\WaterSortPuzzle\WaterSortPuzzle\WaterSortPuzzle.exe"
Args length:	86/32768 chars
Exit code:	0


Version:	3.14
CmdLine:	C:\Users\zengy\Desktop\game\WaterSortPuzzle\WaterSortPuzzle\WaterSortPuzzle.exe --l4j-debug
WOW64:		yes
Working dir:	C:\Users\zengy\Desktop\game\WaterSortPuzzle\WaterSortPuzzle\.
Java min ver:	1.008.000
Java max ver:	
64-bit search:	SOFTWARE\JavaSoft\Java Development Kit...
32-bit search:	SOFTWARE\JavaSoft\Java Development Kit...
64-bit search:	SOFTWARE\JavaSoft\JDK...
Check:		SOFTWARE\JavaSoft\JDK\15
Check launcher:	C:\Program Files\AdoptOpenJDK\jdk-15.0.1.9-hotspot\bin\javaw.exe (OK)
Match:		1.015.000
Check:		SOFTWARE\JavaSoft\JDK\15.0.1.9
Warning:	formatJavaVersion() too many parts added.
Check launcher:	C:\Program Files\AdoptOpenJDK\jdk-15.0.1.9-hotspot\bin\javaw.exe (OK)
Match:		1.015.000_001
Runtime used:	1.015.000_001 (64-bit)
Launcher:	C:\Program Files\AdoptOpenJDK\jdk-15.0.1.9-hotspot\bin\javaw.exe
Launcher args:	-jar "C:\Users\zengy\Desktop\game\WaterSortPuzzle\WaterSortPuzzle\WaterSortPuzzle.exe"
Args length:	86/32768 chars
Exit code:	0


Version:	3.14
CmdLine:	C:\Users\zengy\Desktop\game\WaterSortPuzzle\WaterSortPuzzle\WaterSortPuzzle.exe --l4j-debug
WOW64:		yes
Working dir:	C:\Users\zengy\Desktop\game\WaterSortPuzzle\WaterSortPuzzle\.
Java min ver:	1.008.000
Java max ver:	
64-bit search:	SOFTWARE\JavaSoft\Java Development Kit...
32-bit search:	SOFTWARE\JavaSoft\Java Development Kit...
64-bit search:	SOFTWARE\JavaSoft\JDK...
Check:		SOFTWARE\JavaSoft\JDK\17.0.1
Check launcher:	C:\Program Files\Java\jdk-17.0.1\bin\javaw.exe (OK)
Match:		1.017.000_001
Runtime used:	1.017.000_001 (64-bit)
Launcher:	C:\Program Files\Java\jdk-17.0.1\bin\javaw.exe
Launcher args:	-jar "C:\Users\zengy\Desktop\game\WaterSortPuzzle\WaterSortPuzzle\WaterSortPuzzle.exe"
Args length:	86/32768 chars
Exit code:	0
